     CrÚation de la bibliothÞque C:\Stage\Yanis\CSharp_projects\Aruco\Debug\ArucoDll.lib et de l'objet C:\Stage\Yanis\CSharp_projects\Aruco\Debug\ArucoDll.exp
contours.obj : error LNK2019: symbole externe non rÚsolu "struct CvSeq * __cdecl icvApproximateChainTC89(struct CvChain *,int,struct CvMemStorage *,int)" (?icvApproximateChainTC89@@YAPAUCvSeq@@PAUCvChain@@HPAUCvMemStorage@@H@Z) rÚfÚrencÚ dans la fonction _cvFindNextContour
C:\Stage\Yanis\CSharp_projects\Aruco\Debug\ArucoDll.dll : fatal error LNK1120: 1 externes non rÚsolus
